-------------------------------------------------------------------------------
Test set: JeanEstProject.repo.persistence.AccountTypeRepositoryTest
-------------------------------------------------------------------------------
Tests run: 8, Failures: 0, Errors: 8, Skipped: 0, Time elapsed: 15.634 s <<< FAILURE! - in JeanEstProject.repo.persistence.AccountTypeRepositoryTest
getAccountTypeDtoByMnemonicPlay  Time elapsed: 0.056 s  <<< ERROR!
java.lang.IllegalStateException: Failed to load ApplicationContext
Caused by: org.springframework.beans.factory.UnsatisfiedDependencyException: Error creating bean with name 'org.springframework.boot.autoconfigure.orm.jpa.HibernateJpaConfiguration': Unsatisfied dependency expressed through constructor parameter 0; nested exception is org.springframework.beans.factory.BeanCreationException: Error creating bean with name 'dataSource': Post-processing of FactoryBean's singleton object failed; nested exception is org.springframework.beans.factory.BeanCreationException: Error creating bean with name 'org.springframework.boot.autoconfigure.jdbc.DataSourceInitializerInvoker': Invocation of init method failed; nested exception is org.springframework.jdbc.datasource.init.UncategorizedScriptException: Failed to execute database script from resource [URL [file:/C:/DO/nwu/repo/AccountSystem/ASRepository/target/test-classes/schema.sql]]; nested exception is java.lang.IllegalArgumentException: 'script' must not be null or empty
Caused by: org.springframework.beans.factory.BeanCreationException: Error creating bean with name 'dataSource': Post-processing of FactoryBean's singleton object failed; nested exception is org.springframework.beans.factory.BeanCreationException: Error creating bean with name 'org.springframework.boot.autoconfigure.jdbc.DataSourceInitializerInvoker': Invocation of init method failed; nested exception is org.springframework.jdbc.datasource.init.UncategorizedScriptException: Failed to execute database script from resource [URL [file:/C:/DO/nwu/repo/AccountSystem/ASRepository/target/test-classes/schema.sql]]; nested exception is java.lang.IllegalArgumentException: 'script' must not be null or empty
Caused by: org.springframework.beans.factory.BeanCreationException: Error creating bean with name 'org.springframework.boot.autoconfigure.jdbc.DataSourceInitializerInvoker': Invocation of init method failed; nested exception is org.springframework.jdbc.datasource.init.UncategorizedScriptException: Failed to execute database script from resource [URL [file:/C:/DO/nwu/repo/AccountSystem/ASRepository/target/test-classes/schema.sql]]; nested exception is java.lang.IllegalArgumentException: 'script' must not be null or empty
Caused by: org.springframework.jdbc.datasource.init.UncategorizedScriptException: Failed to execute database script from resource [URL [file:/C:/DO/nwu/repo/AccountSystem/ASRepository/target/test-classes/schema.sql]]; nested exception is java.lang.IllegalArgumentException: 'script' must not be null or empty
Caused by: java.lang.IllegalArgumentException: 'script' must not be null or empty

getAccountTypeDtoByMnemonic  Time elapsed: 0.006 s  <<< ERROR!
java.lang.IllegalStateException: Failed to load ApplicationContext
Caused by: org.springframework.beans.factory.UnsatisfiedDependencyException: Error creating bean with name 'org.springframework.boot.autoconfigure.orm.jpa.HibernateJpaConfiguration': Unsatisfied dependency expressed through constructor parameter 0; nested exception is org.springframework.beans.factory.BeanCreationException: Error creating bean with name 'dataSource': Post-processing of FactoryBean's singleton object failed; nested exception is org.springframework.beans.factory.BeanCreationException: Error creating bean with name 'org.springframework.boot.autoconfigure.jdbc.DataSourceInitializerInvoker': Invocation of init method failed; nested exception is org.springframework.jdbc.datasource.init.UncategorizedScriptException: Failed to execute database script from resource [URL [file:/C:/DO/nwu/repo/AccountSystem/ASRepository/target/test-classes/schema.sql]]; nested exception is java.lang.IllegalArgumentException: 'script' must not be null or empty
Caused by: org.springframework.beans.factory.BeanCreationException: Error creating bean with name 'dataSource': Post-processing of FactoryBean's singleton object failed; nested exception is org.springframework.beans.factory.BeanCreationException: Error creating bean with name 'org.springframework.boot.autoconfigure.jdbc.DataSourceInitializerInvoker': Invocation of init method failed; nested exception is org.springframework.jdbc.datasource.init.UncategorizedScriptException: Failed to execute database script from resource [URL [file:/C:/DO/nwu/repo/AccountSystem/ASRepository/target/test-classes/schema.sql]]; nested exception is java.lang.IllegalArgumentException: 'script' must not be null or empty
Caused by: org.springframework.beans.factory.BeanCreationException: Error creating bean with name 'org.springframework.boot.autoconfigure.jdbc.DataSourceInitializerInvoker': Invocation of init method failed; nested exception is org.springframework.jdbc.datasource.init.UncategorizedScriptException: Failed to execute database script from resource [URL [file:/C:/DO/nwu/repo/AccountSystem/ASRepository/target/test-classes/schema.sql]]; nested exception is java.lang.IllegalArgumentException: 'script' must not be null or empty
Caused by: org.springframework.jdbc.datasource.init.UncategorizedScriptException: Failed to execute database script from resource [URL [file:/C:/DO/nwu/repo/AccountSystem/ASRepository/target/test-classes/schema.sql]]; nested exception is java.lang.IllegalArgumentException: 'script' must not be null or empty
Caused by: java.lang.IllegalArgumentException: 'script' must not be null or empty

getAccountTypeByMnemonicPlay  Time elapsed: 0.001 s  <<< ERROR!
java.lang.IllegalStateException: Failed to load ApplicationContext
Caused by: org.springframework.beans.factory.UnsatisfiedDependencyException: Error creating bean with name 'org.springframework.boot.autoconfigure.orm.jpa.HibernateJpaConfiguration': Unsatisfied dependency expressed through constructor parameter 0; nested exception is org.springframework.beans.factory.BeanCreationException: Error creating bean with name 'dataSource': Post-processing of FactoryBean's singleton object failed; nested exception is org.springframework.beans.factory.BeanCreationException: Error creating bean with name 'org.springframework.boot.autoconfigure.jdbc.DataSourceInitializerInvoker': Invocation of init method failed; nested exception is org.springframework.jdbc.datasource.init.UncategorizedScriptException: Failed to execute database script from resource [URL [file:/C:/DO/nwu/repo/AccountSystem/ASRepository/target/test-classes/schema.sql]]; nested exception is java.lang.IllegalArgumentException: 'script' must not be null or empty
Caused by: org.springframework.beans.factory.BeanCreationException: Error creating bean with name 'dataSource': Post-processing of FactoryBean's singleton object failed; nested exception is org.springframework.beans.factory.BeanCreationException: Error creating bean with name 'org.springframework.boot.autoconfigure.jdbc.DataSourceInitializerInvoker': Invocation of init method failed; nested exception is org.springframework.jdbc.datasource.init.UncategorizedScriptException: Failed to execute database script from resource [URL [file:/C:/DO/nwu/repo/AccountSystem/ASRepository/target/test-classes/schema.sql]]; nested exception is java.lang.IllegalArgumentException: 'script' must not be null or empty
Caused by: org.springframework.beans.factory.BeanCreationException: Error creating bean with name 'org.springframework.boot.autoconfigure.jdbc.DataSourceInitializerInvoker': Invocation of init method failed; nested exception is org.springframework.jdbc.datasource.init.UncategorizedScriptException: Failed to execute database script from resource [URL [file:/C:/DO/nwu/repo/AccountSystem/ASRepository/target/test-classes/schema.sql]]; nested exception is java.lang.IllegalArgumentException: 'script' must not be null or empty
Caused by: org.springframework.jdbc.datasource.init.UncategorizedScriptException: Failed to execute database script from resource [URL [file:/C:/DO/nwu/repo/AccountSystem/ASRepository/target/test-classes/schema.sql]]; nested exception is java.lang.IllegalArgumentException: 'script' must not be null or empty
Caused by: java.lang.IllegalArgumentException: 'script' must not be null or empty

getAccountTypeByMnemonicNativeQueryMiles  Time elapsed: 0 s  <<< ERROR!
java.lang.IllegalStateException: Failed to load ApplicationContext
Caused by: org.springframework.beans.factory.UnsatisfiedDependencyException: Error creating bean with name 'org.springframework.boot.autoconfigure.orm.jpa.HibernateJpaConfiguration': Unsatisfied dependency expressed through constructor parameter 0; nested exception is org.springframework.beans.factory.BeanCreationException: Error creating bean with name 'dataSource': Post-processing of FactoryBean's singleton object failed; nested exception is org.springframework.beans.factory.BeanCreationException: Error creating bean with name 'org.springframework.boot.autoconfigure.jdbc.DataSourceInitializerInvoker': Invocation of init method failed; nested exception is org.springframework.jdbc.datasource.init.UncategorizedScriptException: Failed to execute database script from resource [URL [file:/C:/DO/nwu/repo/AccountSystem/ASRepository/target/test-classes/schema.sql]]; nested exception is java.lang.IllegalArgumentException: 'script' must not be null or empty
Caused by: org.springframework.beans.factory.BeanCreationException: Error creating bean with name 'dataSource': Post-processing of FactoryBean's singleton object failed; nested exception is org.springframework.beans.factory.BeanCreationException: Error creating bean with name 'org.springframework.boot.autoconfigure.jdbc.DataSourceInitializerInvoker': Invocation of init method failed; nested exception is org.springframework.jdbc.datasource.init.UncategorizedScriptException: Failed to execute database script from resource [URL [file:/C:/DO/nwu/repo/AccountSystem/ASRepository/target/test-classes/schema.sql]]; nested exception is java.lang.IllegalArgumentException: 'script' must not be null or empty
Caused by: org.springframework.beans.factory.BeanCreationException: Error creating bean with name 'org.springframework.boot.autoconfigure.jdbc.DataSourceInitializerInvoker': Invocation of init method failed; nested exception is org.springframework.jdbc.datasource.init.UncategorizedScriptException: Failed to execute database script from resource [URL [file:/C:/DO/nwu/repo/AccountSystem/ASRepository/target/test-classes/schema.sql]]; nested exception is java.lang.IllegalArgumentException: 'script' must not be null or empty
Caused by: org.springframework.jdbc.datasource.init.UncategorizedScriptException: Failed to execute database script from resource [URL [file:/C:/DO/nwu/repo/AccountSystem/ASRepository/target/test-classes/schema.sql]]; nested exception is java.lang.IllegalArgumentException: 'script' must not be null or empty
Caused by: java.lang.IllegalArgumentException: 'script' must not be null or empty

getAccountTypeByMnemonic  Time elapsed: 0.001 s  <<< ERROR!
java.lang.IllegalStateException: Failed to load ApplicationContext
Caused by: org.springframework.beans.factory.UnsatisfiedDependencyException: Error creating bean with name 'org.springframework.boot.autoconfigure.orm.jpa.HibernateJpaConfiguration': Unsatisfied dependency expressed through constructor parameter 0; nested exception is org.springframework.beans.factory.BeanCreationException: Error creating bean with name 'dataSource': Post-processing of FactoryBean's singleton object failed; nested exception is org.springframework.beans.factory.BeanCreationException: Error creating bean with name 'org.springframework.boot.autoconfigure.jdbc.DataSourceInitializerInvoker': Invocation of init method failed; nested exception is org.springframework.jdbc.datasource.init.UncategorizedScriptException: Failed to execute database script from resource [URL [file:/C:/DO/nwu/repo/AccountSystem/ASRepository/target/test-classes/schema.sql]]; nested exception is java.lang.IllegalArgumentException: 'script' must not be null or empty
Caused by: org.springframework.beans.factory.BeanCreationException: Error creating bean with name 'dataSource': Post-processing of FactoryBean's singleton object failed; nested exception is org.springframework.beans.factory.BeanCreationException: Error creating bean with name 'org.springframework.boot.autoconfigure.jdbc.DataSourceInitializerInvoker': Invocation of init method failed; nested exception is org.springframework.jdbc.datasource.init.UncategorizedScriptException: Failed to execute database script from resource [URL [file:/C:/DO/nwu/repo/AccountSystem/ASRepository/target/test-classes/schema.sql]]; nested exception is java.lang.IllegalArgumentException: 'script' must not be null or empty
Caused by: org.springframework.beans.factory.BeanCreationException: Error creating bean with name 'org.springframework.boot.autoconfigure.jdbc.DataSourceInitializerInvoker': Invocation of init method failed; nested exception is org.springframework.jdbc.datasource.init.UncategorizedScriptException: Failed to execute database script from resource [URL [file:/C:/DO/nwu/repo/AccountSystem/ASRepository/target/test-classes/schema.sql]]; nested exception is java.lang.IllegalArgumentException: 'script' must not be null or empty
Caused by: org.springframework.jdbc.datasource.init.UncategorizedScriptException: Failed to execute database script from resource [URL [file:/C:/DO/nwu/repo/AccountSystem/ASRepository/target/test-classes/schema.sql]]; nested exception is java.lang.IllegalArgumentException: 'script' must not be null or empty
Caused by: java.lang.IllegalArgumentException: 'script' must not be null or empty

getAccountTypeByMnemonicMiles  Time elapsed: 0.001 s  <<< ERROR!
java.lang.IllegalStateException: Failed to load ApplicationContext
Caused by: org.springframework.beans.factory.UnsatisfiedDependencyException: Error creating bean with name 'org.springframework.boot.autoconfigure.orm.jpa.HibernateJpaConfiguration': Unsatisfied dependency expressed through constructor parameter 0; nested exception is org.springframework.beans.factory.BeanCreationException: Error creating bean with name 'dataSource': Post-processing of FactoryBean's singleton object failed; nested exception is org.springframework.beans.factory.BeanCreationException: Error creating bean with name 'org.springframework.boot.autoconfigure.jdbc.DataSourceInitializerInvoker': Invocation of init method failed; nested exception is org.springframework.jdbc.datasource.init.UncategorizedScriptException: Failed to execute database script from resource [URL [file:/C:/DO/nwu/repo/AccountSystem/ASRepository/target/test-classes/schema.sql]]; nested exception is java.lang.IllegalArgumentException: 'script' must not be null or empty
Caused by: org.springframework.beans.factory.BeanCreationException: Error creating bean with name 'dataSource': Post-processing of FactoryBean's singleton object failed; nested exception is org.springframework.beans.factory.BeanCreationException: Error creating bean with name 'org.springframework.boot.autoconfigure.jdbc.DataSourceInitializerInvoker': Invocation of init method failed; nested exception is org.springframework.jdbc.datasource.init.UncategorizedScriptException: Failed to execute database script from resource [URL [file:/C:/DO/nwu/repo/AccountSystem/ASRepository/target/test-classes/schema.sql]]; nested exception is java.lang.IllegalArgumentException: 'script' must not be null or empty
Caused by: org.springframework.beans.factory.BeanCreationException: Error creating bean with name 'org.springframework.boot.autoconfigure.jdbc.DataSourceInitializerInvoker': Invocation of init method failed; nested exception is org.springframework.jdbc.datasource.init.UncategorizedScriptException: Failed to execute database script from resource [URL [file:/C:/DO/nwu/repo/AccountSystem/ASRepository/target/test-classes/schema.sql]]; nested exception is java.lang.IllegalArgumentException: 'script' must not be null or empty
Caused by: org.springframework.jdbc.datasource.init.UncategorizedScriptException: Failed to execute database script from resource [URL [file:/C:/DO/nwu/repo/AccountSystem/ASRepository/target/test-classes/schema.sql]]; nested exception is java.lang.IllegalArgumentException: 'script' must not be null or empty
Caused by: java.lang.IllegalArgumentException: 'script' must not be null or empty

getAccountTypeDtoByMnemonicMiles  Time elapsed: 0.001 s  <<< ERROR!
java.lang.IllegalStateException: Failed to load ApplicationContext
Caused by: org.springframework.beans.factory.UnsatisfiedDependencyException: Error creating bean with name 'org.springframework.boot.autoconfigure.orm.jpa.HibernateJpaConfiguration': Unsatisfied dependency expressed through constructor parameter 0; nested exception is org.springframework.beans.factory.BeanCreationException: Error creating bean with name 'dataSource': Post-processing of FactoryBean's singleton object failed; nested exception is org.springframework.beans.factory.BeanCreationException: Error creating bean with name 'org.springframework.boot.autoconfigure.jdbc.DataSourceInitializerInvoker': Invocation of init method failed; nested exception is org.springframework.jdbc.datasource.init.UncategorizedScriptException: Failed to execute database script from resource [URL [file:/C:/DO/nwu/repo/AccountSystem/ASRepository/target/test-classes/schema.sql]]; nested exception is java.lang.IllegalArgumentException: 'script' must not be null or empty
Caused by: org.springframework.beans.factory.BeanCreationException: Error creating bean with name 'dataSource': Post-processing of FactoryBean's singleton object failed; nested exception is org.springframework.beans.factory.BeanCreationException: Error creating bean with name 'org.springframework.boot.autoconfigure.jdbc.DataSourceInitializerInvoker': Invocation of init method failed; nested exception is org.springframework.jdbc.datasource.init.UncategorizedScriptException: Failed to execute database script from resource [URL [file:/C:/DO/nwu/repo/AccountSystem/ASRepository/target/test-classes/schema.sql]]; nested exception is java.lang.IllegalArgumentException: 'script' must not be null or empty
Caused by: org.springframework.beans.factory.BeanCreationException: Error creating bean with name 'org.springframework.boot.autoconfigure.jdbc.DataSourceInitializerInvoker': Invocation of init method failed; nested exception is org.springframework.jdbc.datasource.init.UncategorizedScriptException: Failed to execute database script from resource [URL [file:/C:/DO/nwu/repo/AccountSystem/ASRepository/target/test-classes/schema.sql]]; nested exception is java.lang.IllegalArgumentException: 'script' must not be null or empty
Caused by: org.springframework.jdbc.datasource.init.UncategorizedScriptException: Failed to execute database script from resource [URL [file:/C:/DO/nwu/repo/AccountSystem/ASRepository/target/test-classes/schema.sql]]; nested exception is java.lang.IllegalArgumentException: 'script' must not be null or empty
Caused by: java.lang.IllegalArgumentException: 'script' must not be null or empty

getAccountTypeByMnemonicNativeQuery  Time elapsed: 0 s  <<< ERROR!
java.lang.IllegalStateException: Failed to load ApplicationContext
Caused by: org.springframework.beans.factory.UnsatisfiedDependencyException: Error creating bean with name 'org.springframework.boot.autoconfigure.orm.jpa.HibernateJpaConfiguration': Unsatisfied dependency expressed through constructor parameter 0; nested exception is org.springframework.beans.factory.BeanCreationException: Error creating bean with name 'dataSource': Post-processing of FactoryBean's singleton object failed; nested exception is org.springframework.beans.factory.BeanCreationException: Error creating bean with name 'org.springframework.boot.autoconfigure.jdbc.DataSourceInitializerInvoker': Invocation of init method failed; nested exception is org.springframework.jdbc.datasource.init.UncategorizedScriptException: Failed to execute database script from resource [URL [file:/C:/DO/nwu/repo/AccountSystem/ASRepository/target/test-classes/schema.sql]]; nested exception is java.lang.IllegalArgumentException: 'script' must not be null or empty
Caused by: org.springframework.beans.factory.BeanCreationException: Error creating bean with name 'dataSource': Post-processing of FactoryBean's singleton object failed; nested exception is org.springframework.beans.factory.BeanCreationException: Error creating bean with name 'org.springframework.boot.autoconfigure.jdbc.DataSourceInitializerInvoker': Invocation of init method failed; nested exception is org.springframework.jdbc.datasource.init.UncategorizedScriptException: Failed to execute database script from resource [URL [file:/C:/DO/nwu/repo/AccountSystem/ASRepository/target/test-classes/schema.sql]]; nested exception is java.lang.IllegalArgumentException: 'script' must not be null or empty
Caused by: org.springframework.beans.factory.BeanCreationException: Error creating bean with name 'org.springframework.boot.autoconfigure.jdbc.DataSourceInitializerInvoker': Invocation of init method failed; nested exception is org.springframework.jdbc.datasource.init.UncategorizedScriptException: Failed to execute database script from resource [URL [file:/C:/DO/nwu/repo/AccountSystem/ASRepository/target/test-classes/schema.sql]]; nested exception is java.lang.IllegalArgumentException: 'script' must not be null or empty
Caused by: org.springframework.jdbc.datasource.init.UncategorizedScriptException: Failed to execute database script from resource [URL [file:/C:/DO/nwu/repo/AccountSystem/ASRepository/target/test-classes/schema.sql]]; nested exception is java.lang.IllegalArgumentException: 'script' must not be null or empty
Caused by: java.lang.IllegalArgumentException: 'script' must not be null or empty

