-------------------------------------------------------------------------------
Test set: JeanEstProject.repo.persistence.AccountTypeRepositoryTest
-------------------------------------------------------------------------------
Tests run: 8, Failures: 0, Errors: 8, Skipped: 0, Time elapsed: 16.76 s <<< FAILURE! - in JeanEstProject.repo.persistence.AccountTypeRepositoryTest
getAccountTypeDtoByMnemonicPlay  Time elapsed: 5.014 s  <<< ERROR!
org.springframework.dao.InvalidDataAccessResourceUsageException: could not prepare statement; SQL [select accounttyp0_.mnemonic as col_0_0_, accounttyp0_.type_name as col_1_0_, accounttyp0_.date_created as col_2_0_ from accountsystem.accounttype accounttyp0_ where accounttyp0_.mnemonic=?]; nested exception is org.hibernate.exception.SQLGrammarException: could not prepare statement
	at JeanEstProject.repo.persistence.AccountTypeRepositoryTest.getAccountTypeDtoByMnemonicPlay(AccountTypeRepositoryTest.java:74)
Caused by: org.hibernate.exception.SQLGrammarException: could not prepare statement
	at JeanEstProject.repo.persistence.AccountTypeRepositoryTest.getAccountTypeDtoByMnemonicPlay(AccountTypeRepositoryTest.java:74)
Caused by: org.h2.jdbc.JdbcSQLSyntaxErrorException: 
Schema "ACCOUNTSYSTEM" not found; SQL statement:
select accounttyp0_.mnemonic as col_0_0_, accounttyp0_.type_name as col_1_0_, accounttyp0_.date_created as col_2_0_ from accountsystem.accounttype accounttyp0_ where accounttyp0_.mnemonic=? [90079-200]
	at JeanEstProject.repo.persistence.AccountTypeRepositoryTest.getAccountTypeDtoByMnemonicPlay(AccountTypeRepositoryTest.java:74)

getAccountTypeDtoByMnemonic  Time elapsed: 0.013 s  <<< ERROR!
org.springframework.dao.InvalidDataAccessResourceUsageException: could not prepare statement; SQL [select accounttyp0_.mnemonic as col_0_0_, accounttyp0_.type_name as col_1_0_, accounttyp0_.date_created as col_2_0_ from accountsystem.accounttype accounttyp0_ where accounttyp0_.mnemonic=?]; nested exception is org.hibernate.exception.SQLGrammarException: could not prepare statement
	at JeanEstProject.repo.persistence.AccountTypeRepositoryTest.getAccountTypeDtoByMnemonic(AccountTypeRepositoryTest.java:81)
Caused by: org.hibernate.exception.SQLGrammarException: could not prepare statement
	at JeanEstProject.repo.persistence.AccountTypeRepositoryTest.getAccountTypeDtoByMnemonic(AccountTypeRepositoryTest.java:81)
Caused by: org.h2.jdbc.JdbcSQLSyntaxErrorException: 
Schema "ACCOUNTSYSTEM" not found; SQL statement:
select accounttyp0_.mnemonic as col_0_0_, accounttyp0_.type_name as col_1_0_, accounttyp0_.date_created as col_2_0_ from accountsystem.accounttype accounttyp0_ where accounttyp0_.mnemonic=? [90079-200]
	at JeanEstProject.repo.persistence.AccountTypeRepositoryTest.getAccountTypeDtoByMnemonic(AccountTypeRepositoryTest.java:81)

getAccountTypeByMnemonicPlay  Time elapsed: 0.688 s  <<< ERROR!
org.springframework.dao.InvalidDataAccessResourceUsageException: could not prepare statement; SQL [SELECT TYPE_ID, DATE_CREATED, MNEMONIC, TYPE_NAME FROM ACCOUNTSYSTEM.ACCOUNTTYPE WHERE MNEMONIC = ?]; nested exception is org.hibernate.exception.SQLGrammarException: could not prepare statement
	at JeanEstProject.repo.persistence.AccountTypeRepositoryTest.getAccountTypeByMnemonicPlay(AccountTypeRepositoryTest.java:54)
Caused by: org.hibernate.exception.SQLGrammarException: could not prepare statement
	at JeanEstProject.repo.persistence.AccountTypeRepositoryTest.getAccountTypeByMnemonicPlay(AccountTypeRepositoryTest.java:54)
Caused by: org.h2.jdbc.JdbcSQLSyntaxErrorException: 
Schema "ACCOUNTSYSTEM" not found; SQL statement:
SELECT TYPE_ID, DATE_CREATED, MNEMONIC, TYPE_NAME FROM ACCOUNTSYSTEM.ACCOUNTTYPE WHERE MNEMONIC = ? [90079-200]
	at JeanEstProject.repo.persistence.AccountTypeRepositoryTest.getAccountTypeByMnemonicPlay(AccountTypeRepositoryTest.java:54)

getAccountTypeByMnemonicNativeQueryMiles  Time elapsed: 0.023 s  <<< ERROR!
org.springframework.dao.InvalidDataAccessResourceUsageException: could not prepare statement; SQL [SELECT TYPE_ID, DATE_CREATED, MNEMONIC, TYPE_NAME FROM ACCOUNTSYSTEM.ACCOUNTTYPE WHERE MNEMONIC = ?]; nested exception is org.hibernate.exception.SQLGrammarException: could not prepare statement
	at JeanEstProject.repo.persistence.AccountTypeRepositoryTest.getAccountTypeByMnemonicNativeQueryMiles(AccountTypeRepositoryTest.java:34)
Caused by: org.hibernate.exception.SQLGrammarException: could not prepare statement
	at JeanEstProject.repo.persistence.AccountTypeRepositoryTest.getAccountTypeByMnemonicNativeQueryMiles(AccountTypeRepositoryTest.java:34)
Caused by: org.h2.jdbc.JdbcSQLSyntaxErrorException: 
Schema "ACCOUNTSYSTEM" not found; SQL statement:
SELECT TYPE_ID, DATE_CREATED, MNEMONIC, TYPE_NAME FROM ACCOUNTSYSTEM.ACCOUNTTYPE WHERE MNEMONIC = ? [90079-200]
	at JeanEstProject.repo.persistence.AccountTypeRepositoryTest.getAccountTypeByMnemonicNativeQueryMiles(AccountTypeRepositoryTest.java:34)

getAccountTypeByMnemonic  Time elapsed: 0.024 s  <<< ERROR!
org.springframework.dao.InvalidDataAccessResourceUsageException: could not prepare statement; SQL [select accounttyp0_.type_id as type_id1_2_, accounttyp0_.type_name as type_nam2_2_, accounttyp0_.date_created as date_cre3_2_, accounttyp0_.mnemonic as mnemonic4_2_ from accountsystem.accounttype accounttyp0_ where accounttyp0_.mnemonic=?]; nested exception is org.hibernate.exception.SQLGrammarException: could not prepare statement
	at JeanEstProject.repo.persistence.AccountTypeRepositoryTest.getAccountTypeByMnemonic(AccountTypeRepositoryTest.java:61)
Caused by: org.hibernate.exception.SQLGrammarException: could not prepare statement
	at JeanEstProject.repo.persistence.AccountTypeRepositoryTest.getAccountTypeByMnemonic(AccountTypeRepositoryTest.java:61)
Caused by: org.h2.jdbc.JdbcSQLSyntaxErrorException: 
Schema "ACCOUNTSYSTEM" not found; SQL statement:
select accounttyp0_.type_id as type_id1_2_, accounttyp0_.type_name as type_nam2_2_, accounttyp0_.date_created as date_cre3_2_, accounttyp0_.mnemonic as mnemonic4_2_ from accountsystem.accounttype accounttyp0_ where accounttyp0_.mnemonic=? [90079-200]
	at JeanEstProject.repo.persistence.AccountTypeRepositoryTest.getAccountTypeByMnemonic(AccountTypeRepositoryTest.java:61)

getAccountTypeByMnemonicMiles  Time elapsed: 0.017 s  <<< ERROR!
org.springframework.dao.InvalidDataAccessResourceUsageException: could not prepare statement; SQL [SELECT TYPE_ID, DATE_CREATED, MNEMONIC, TYPE_NAME FROM ACCOUNTSYSTEM.ACCOUNTTYPE WHERE MNEMONIC = ?]; nested exception is org.hibernate.exception.SQLGrammarException: could not prepare statement
	at JeanEstProject.repo.persistence.AccountTypeRepositoryTest.getAccountTypeByMnemonicMiles(AccountTypeRepositoryTest.java:47)
Caused by: org.hibernate.exception.SQLGrammarException: could not prepare statement
	at JeanEstProject.repo.persistence.AccountTypeRepositoryTest.getAccountTypeByMnemonicMiles(AccountTypeRepositoryTest.java:47)
Caused by: org.h2.jdbc.JdbcSQLSyntaxErrorException: 
Schema "ACCOUNTSYSTEM" not found; SQL statement:
SELECT TYPE_ID, DATE_CREATED, MNEMONIC, TYPE_NAME FROM ACCOUNTSYSTEM.ACCOUNTTYPE WHERE MNEMONIC = ? [90079-200]
	at JeanEstProject.repo.persistence.AccountTypeRepositoryTest.getAccountTypeByMnemonicMiles(AccountTypeRepositoryTest.java:47)

getAccountTypeDtoByMnemonicMiles  Time elapsed: 0.02 s  <<< ERROR!
org.springframework.dao.InvalidDataAccessResourceUsageException: could not prepare statement; SQL [select accounttyp0_.mnemonic as col_0_0_, accounttyp0_.type_name as col_1_0_, accounttyp0_.date_created as col_2_0_ from accountsystem.accounttype accounttyp0_ where accounttyp0_.mnemonic=?]; nested exception is org.hibernate.exception.SQLGrammarException: could not prepare statement
	at JeanEstProject.repo.persistence.AccountTypeRepositoryTest.getAccountTypeDtoByMnemonicMiles(AccountTypeRepositoryTest.java:67)
Caused by: org.hibernate.exception.SQLGrammarException: could not prepare statement
	at JeanEstProject.repo.persistence.AccountTypeRepositoryTest.getAccountTypeDtoByMnemonicMiles(AccountTypeRepositoryTest.java:67)
Caused by: org.h2.jdbc.JdbcSQLSyntaxErrorException: 
Schema "ACCOUNTSYSTEM" not found; SQL statement:
select accounttyp0_.mnemonic as col_0_0_, accounttyp0_.type_name as col_1_0_, accounttyp0_.date_created as col_2_0_ from accountsystem.accounttype accounttyp0_ where accounttyp0_.mnemonic=? [90079-200]
	at JeanEstProject.repo.persistence.AccountTypeRepositoryTest.getAccountTypeDtoByMnemonicMiles(AccountTypeRepositoryTest.java:67)

getAccountTypeByMnemonicNativeQuery  Time elapsed: 0.036 s  <<< ERROR!
org.springframework.dao.InvalidDataAccessResourceUsageException: could not prepare statement; SQL [SELECT TYPE_ID, DATE_CREATED, MNEMONIC, TYPE_NAME FROM ACCOUNTSYSTEM.ACCOUNTTYPE WHERE MNEMONIC = ?]; nested exception is org.hibernate.exception.SQLGrammarException: could not prepare statement
	at JeanEstProject.repo.persistence.AccountTypeRepositoryTest.getAccountTypeByMnemonicNativeQuery(AccountTypeRepositoryTest.java:41)
Caused by: org.hibernate.exception.SQLGrammarException: could not prepare statement
	at JeanEstProject.repo.persistence.AccountTypeRepositoryTest.getAccountTypeByMnemonicNativeQuery(AccountTypeRepositoryTest.java:41)
Caused by: org.h2.jdbc.JdbcSQLSyntaxErrorException: 
Schema "ACCOUNTSYSTEM" not found; SQL statement:
SELECT TYPE_ID, DATE_CREATED, MNEMONIC, TYPE_NAME FROM ACCOUNTSYSTEM.ACCOUNTTYPE WHERE MNEMONIC = ? [90079-200]
	at JeanEstProject.repo.persistence.AccountTypeRepositoryTest.getAccountTypeByMnemonicNativeQuery(AccountTypeRepositoryTest.java:41)

