-------------------------------------------------------------------------------
Test set: JeanEstProject.repo.persistence.AccountUserRepositoryTest
-------------------------------------------------------------------------------
Tests run: 2, Failures: 0, Errors: 2, Skipped: 0, Time elapsed: 0.003 s <<< FAILURE! - in JeanEstProject.repo.persistence.AccountUserRepositoryTest
updateMember  Time elapsed: 0 s  <<< ERROR!
org.springframework.dao.InvalidDataAccessResourceUsageException: could not prepare statement; SQL [update accountsystem.account_user set total_units=? where member_id=?]; nested exception is org.hibernate.exception.SQLGrammarException: could not prepare statement
	at JeanEstProject.repo.persistence.AccountUserRepositoryTest.updateMember(AccountUserRepositoryTest.java:37)
Caused by: org.hibernate.exception.SQLGrammarException: could not prepare statement
	at JeanEstProject.repo.persistence.AccountUserRepositoryTest.updateMember(AccountUserRepositoryTest.java:37)
Caused by: org.h2.jdbc.JdbcSQLSyntaxErrorException: 
Schema "ACCOUNTSYSTEM" not found; SQL statement:
update accountsystem.account_user set total_units=? where member_id=? [90079-200]
	at JeanEstProject.repo.persistence.AccountUserRepositoryTest.updateMember(AccountUserRepositoryTest.java:37)

getAccountUserByMemberID  Time elapsed: 0.002 s  <<< ERROR!
org.springframework.dao.InvalidDataAccessResourceUsageException: could not prepare statement; SQL [select accountuse0_.member_id as member_i1_1_, accountuse0_.date_joined as date_joi2_1_, accountuse0_.member_name as member_n3_1_, accountuse0_.total_units as total_un4_1_ from accountsystem.account_user accountuse0_ where accountuse0_.member_id=?]; nested exception is org.hibernate.exception.SQLGrammarException: could not prepare statement
	at JeanEstProject.repo.persistence.AccountUserRepositoryTest.getAccountUserByMemberID(AccountUserRepositoryTest.java:32)
Caused by: org.hibernate.exception.SQLGrammarException: could not prepare statement
	at JeanEstProject.repo.persistence.AccountUserRepositoryTest.getAccountUserByMemberID(AccountUserRepositoryTest.java:32)
Caused by: org.h2.jdbc.JdbcSQLSyntaxErrorException: 
Schema "ACCOUNTSYSTEM" not found; SQL statement:
select accountuse0_.member_id as member_i1_1_, accountuse0_.date_joined as date_joi2_1_, accountuse0_.member_name as member_n3_1_, accountuse0_.total_units as total_un4_1_ from accountsystem.account_user accountuse0_ where accountuse0_.member_id=? [90079-200]
	at JeanEstProject.repo.persistence.AccountUserRepositoryTest.getAccountUserByMemberID(AccountUserRepositoryTest.java:32)

